Arguments: 
  C:\Program Files\nodejs\node.exe C:\Users\mcwak\AppData\Roaming\npm\node_modules\yarn\bin\yarn.js add --dev postcss-modules

PATH: 
  C:\Windows\system32;C:\Windows;C:\Windows\System32\Wbem;C:\Windows\System32\WindowsPowerShell\v1.0\;C:\Windows\System32\OpenSSH\;C:\Program Files\nodejs\;C:\Program Files\Git\cmd;C:\Program Files (x86)\Elm Platform\0.18\bin;C:\Users\mcwak\.cargo\bin;C:\Users\mcwak\AppData\Local\Microsoft\WindowsApps;C:\Users\mcwak\AppData\Roaming\npm;C:\Users\mcwak\AppData\Local\atom\bin;C:\Program Files (x86)\Microsoft Visual Studio\2017\BuildTools\VC\Tools\MSVC\14.14.26428\bin\Hostx64\x64;C:\Program Files\heroku\bin

Yarn version: 
  1.7.0

Node version: 
  8.11.3

Platform: 
  win32 x64

Trace: 
  Error: getaddrinfo ENOTFOUND registry.yarnpkg.com registry.yarnpkg.com:443
      at errnoException (dns.js:50:10)
      at GetAddrInfoReqWrap.onlookup [as oncomplete] (dns.js:92:26)

npm manifest: 
  {
    "name": "Desktop",
    "version": "1.0.0",
    "description": "",
    "main": "index.js",
    "scripts": {
      "test": "echo \"Error: no test specified\" && exit 1"
    },
    "keywords": [],
    "author": "",
    "license": "ISC",
    "dependencies": {
      "react": "^16.4.1",
      "react-dom": "^16.4.1"
    },
    "devDependencies": {
      "parcel-bundler": "^1.9.6"
    }
  }

yarn manifest: 
  No manifest

Lockfile: 
  No lockfile
